binding: user.agent=safari
Compiling module org.test.example.testapplication.TestApplication
   Tracing compile failure path for type 'org.test.example.testapplication.client.ui.application.content.screen02.Screen02Component'
      [ERROR] Errors in 'file:/C:/Users/phenom/Desktop/testApplication/testApplication-client/src/main/java/org/test/example/testapplication/client/ui/application/content/screen02/Screen02Component.java'
         [ERROR] Line 81: Syntax error, insert ")" to complete MethodInvocation
         [ERROR] Line 81: Syntax error, insert ";" to complete BlockStatements
   [ERROR] Aborting compile due to errors in some input files
[ERROR] Compiler returned false
